2022-04-28 16:07:10.970  INFO 3076 --- [main] lavalink.server.Launcher                 : 

[32m       .  [31m _                  _ _       _    [32m__ _ _
[32m      /\\ [31m| | __ ___   ____ _| (_)_ __ | | __[32m\ \ \ \
[32m     ( ( )[31m| |/ _` \ \ / / _` | | | '_ \| |/ /[32m \ \ \ \
[32m      \\/ [31m| | (_| |\ V / (_| | | | | | |   < [32m  ) ) ) )
[32m       '  [31m|_|\__,_| \_/ \__,_|_|_|_| |_|_|\_\[32m / / / /
[0m    =========================================[32m/_/_/_/[0m

	Version:        3.4
	Build:          1257
	Build time:     26.10.2021 14:18:37 UTC
	Branch          master
	Commit:         a364833
	Commit time:    26.10.2021 14:15:20 UTC
	JVM:            11.0.13
	Lavaplayer      1.3.96-original

2022-04-28 16:07:11.119  INFO 3076 --- [main] lavalink.server.Launcher                 : Starting Launcher on DESKTOP-NACVDCF with PID 3076 (D:\Desktop\_\project\sulyrics\Lavalink.jar started by HONG in D:\Desktop\_\project\sulyrics)
2022-04-28 16:07:11.120  INFO 3076 --- [main] lavalink.server.Launcher                 : No active profile set, falling back to default profiles: default
2022-04-28 16:07:11.256  WARN 3076 --- [background-preinit] o.s.h.c.j.Jackson2ObjectMapperBuilder    : For Jackson Kotlin classes support please add "com.fasterxml.jackson.module:jackson-module-kotlin" to the classpath
2022-04-28 16:07:12.599  WARN 3076 --- [main] io.undertow.websockets.jsr               : UT026010: Buffer pool was not set on WebSocketDeploymentInfo, the default pool will be used
2022-04-28 16:07:12.639  INFO 3076 --- [main] io.undertow.servlet                      : Initializing Spring embedded WebApplicationContext
2022-04-28 16:07:12.639  INFO 3076 --- [main] o.s.web.context.ContextLoader            : Root WebApplicationContext: initialization completed in 1460 ms
2022-04-28 16:07:13.136  WARN 3076 --- [main] l.server.config.SentryConfiguration      : Turning off sentry
2022-04-28 16:07:13.547  INFO 3076 --- [main] c.s.d.l.tools.GarbageCollectionMonitor   : GC monitoring enabled, reporting results every 2 minutes.
2022-04-28 16:07:13.756  INFO 3076 --- [main] lavalink.server.config.KoeConfiguration  : OS: Windows 10, Arch: amd64
2022-04-28 16:07:13.757  WARN 3076 --- [main] lavalink.server.config.KoeConfiguration  : This system and architecture appears to not support native audio sending! GC pauses may cause your bot to stutter during playback.
2022-04-28 16:07:14.034  INFO 3076 --- [main] o.s.s.concurrent.ThreadPoolTaskExecutor  : Initializing ExecutorService 'applicationTaskExecutor'
2022-04-28 16:07:14.376  INFO 3076 --- [main] org.xnio                                 : XNIO version 3.3.8.Final
2022-04-28 16:07:14.391  INFO 3076 --- [main] org.xnio.nio                             : XNIO NIO Implementation Version 3.3.8.Final
2022-04-28 16:07:14.490  INFO 3076 --- [main] o.s.b.w.e.u.UndertowServletWebServer     : Undertow started on port(s) 8080 (http) with context path ''
2022-04-28 16:07:14.497  INFO 3076 --- [main] lavalink.server.Launcher                 : Started Launcher in 4.238 seconds (JVM running for 4.827)
2022-04-28 16:07:14.500  INFO 3076 --- [main] lavalink.server.Launcher                 : You can safely ignore the big red warning about illegal reflection. See https://github.com/freyacodes/Lavalink/issues/295
2022-04-28 16:07:21.404  INFO 3076 --- [XNIO-1 task-1] io.undertow.servlet                      : Initializing Spring DispatcherServlet 'dispatcherServlet'
2022-04-28 16:07:21.404  INFO 3076 --- [XNIO-1 task-1] o.s.web.servlet.DispatcherServlet        : Initializing Servlet 'dispatcherServlet'
2022-04-28 16:07:21.418  INFO 3076 --- [XNIO-1 task-1] o.s.web.servlet.DispatcherServlet        : Completed initialization in 14 ms
2022-04-28 16:07:21.451  INFO 3076 --- [XNIO-1 task-1] l.server.io.HandshakeInterceptorImpl     : Incoming connection from /127.0.0.1:14733
2022-04-28 16:07:21.543  INFO 3076 --- [XNIO-1 task-1] lavalink.server.io.SocketServer          : Connection successfully established from Lavalink.py
2022-04-28 16:07:21.570  INFO 3076 --- [XNIO-1 I/O-6] lavalink.server.io.SocketServer          : {"op": "configureResuming", "key": "default-node", "timeout": 60}
2022-04-28 16:09:22.963  INFO 3076 --- [XNIO-1 I/O-6] lavalink.server.io.SocketServer          : Connection closed from /127.0.0.1:14733 with status CloseStatus[code=1006, reason=] -- Session can be resumed within the next 60 seconds with key default-node
2022-04-28 16:09:28.342  INFO 3076 --- [XNIO-1 task-2] l.server.io.HandshakeInterceptorImpl     : Incoming connection from /127.0.0.1:4809
2022-04-28 16:09:28.345  INFO 3076 --- [XNIO-1 task-2] lavalink.server.io.SocketServer          : Connection successfully established from Lavalink.py
2022-04-28 16:09:28.346  INFO 3076 --- [XNIO-1 I/O-2] lavalink.server.io.SocketServer          : {"op": "configureResuming", "key": "default-node", "timeout": 60}
2022-04-28 16:10:22.979  INFO 3076 --- [pool-2-thread-1] lavalink.server.io.SocketContext         : Shutting down 0 playing players.
2022-04-28 16:10:42.572  INFO 3076 --- [XNIO-1 I/O-2] lavalink.server.io.SocketServer          : Connection closed from /127.0.0.1:4809 with status CloseStatus[code=1006, reason=] -- Session can be resumed within the next 60 seconds with key default-node
2022-04-28 16:10:47.403  INFO 3076 --- [XNIO-1 task-3] l.server.io.HandshakeInterceptorImpl     : Incoming connection from /127.0.0.1:12266
2022-04-28 16:10:47.406  INFO 3076 --- [XNIO-1 task-3] lavalink.server.io.SocketServer          : Connection successfully established from Lavalink.py
2022-04-28 16:10:47.407  INFO 3076 --- [XNIO-1 I/O-3] lavalink.server.io.SocketServer          : {"op": "configureResuming", "key": "default-node", "timeout": 60}
2022-04-28 16:11:42.587  INFO 3076 --- [pool-3-thread-1] lavalink.server.io.SocketContext         : Shutting down 0 playing players.
2022-04-28 16:12:57.540  INFO 3076 --- [XNIO-1 I/O-3] lavalink.server.io.SocketServer          : Connection closed from /127.0.0.1:12266 with status CloseStatus[code=1006, reason=] -- Session can be resumed within the next 60 seconds with key default-node
2022-04-28 16:13:32.593  INFO 3076 --- [XNIO-1 task-4] l.server.io.HandshakeInterceptorImpl     : Incoming connection from /127.0.0.1:3424
2022-04-28 16:13:32.596  INFO 3076 --- [XNIO-1 task-4] lavalink.server.io.SocketServer          : Connection successfully established from Lavalink.py
2022-04-28 16:13:32.597  INFO 3076 --- [XNIO-1 I/O-1] lavalink.server.io.SocketServer          : {"op": "configureResuming", "key": "default-node", "timeout": 60}
2022-04-28 16:13:42.535  WARN 3076 --- [XNIO-1 I/O-1] lavalink.server.io.SocketServer          : Shutdown resumable session with key default-node because it has the same key as a newly disconnected resumable session.
2022-04-28 16:13:42.536  INFO 3076 --- [XNIO-1 I/O-1] lavalink.server.io.SocketContext         : Shutting down 0 playing players.
2022-04-28 16:13:42.536  INFO 3076 --- [XNIO-1 I/O-1] lavalink.server.io.SocketServer          : Connection closed from /127.0.0.1:3424 with status CloseStatus[code=1006, reason=] -- Session can be resumed within the next 60 seconds with key default-node
2022-04-28 16:13:57.553  INFO 3076 --- [pool-4-thread-1] lavalink.server.io.SocketContext         : Shutting down 0 playing players.
2022-04-28 16:13:59.513  INFO 3076 --- [XNIO-1 task-5] l.server.io.HandshakeInterceptorImpl     : Incoming connection from /127.0.0.1:3439
2022-04-28 16:13:59.516  INFO 3076 --- [XNIO-1 task-5] lavalink.server.io.SocketServer          : Connection successfully established from Lavalink.py
2022-04-28 16:13:59.517  INFO 3076 --- [XNIO-1 I/O-8] lavalink.server.io.SocketServer          : {"op": "configureResuming", "key": "default-node", "timeout": 60}
2022-04-28 16:14:08.078  INFO 3076 --- [XNIO-1 I/O-8] lavalink.server.io.SocketServer          : Connection closed from /127.0.0.1:3439 with status CloseStatus[code=1006, reason=] -- Session can be resumed within the next 60 seconds with key default-node
2022-04-28 16:14:42.538  INFO 3076 --- [pool-5-thread-1] lavalink.server.io.SocketContext         : Shutting down 0 playing players.
2022-04-28 16:15:08.088  INFO 3076 --- [pool-6-thread-1] lavalink.server.io.SocketContext         : Shutting down 0 playing players.
